<?xml version="1.0" encoding="UTF-8"?>
<testsuite name="com.playwright.tests.LoginTest" tests="2" skipped="0" failures="0" errors="0" timestamp="2025-08-03T12:42:14" hostname="NATALI" time="8.879">
  <properties/>
  <testcase name="testCorrectLoginCredentials()" classname="com.playwright.tests.LoginTest" time="5.277"/>
  <testcase name="testIncorrectLoginCredentials()" classname="com.playwright.tests.LoginTest" time="2.413"/>
  <system-out><![CDATA[Allure environment data saved.
]]></system-out>
  <system-err><![CDATA[]]></system-err>
</testsuite>
